<?xml version="1.0" encoding="utf-8"?><testsuites name="pytest tests"><testsuite name="pytest" errors="0" failures="1" skipped="0" tests="13" time="10.435" timestamp="2026-07-16T04:58:31.499976+00:00" hostname="agent-env-db5ad720-f20b-4347-ac34-18bf98eb5741"><testcase classname="tests.test_iteration3.TestBots" name="test_list_seeded_bots" time="0.683" /><testcase classname="tests.test_iteration3.TestBotChat" name="test_booking_bot_answers_availability" time="3.442" /><testcase classname="tests.test_iteration3.TestBots" name="test_create_patch_delete_bot" time="0.800" /><testcase classname="tests.test_iteration3.TestTools" name="test_list_18_tools_grouped" time="0.094" /><testcase classname="tests.test_iteration3.TestTools" name="test_create_patch_delete_tool" time="0.268" /><testcase classname="tests.test_iteration3.TestIntents" name="test_list_13_intents_with_tools" time="0.091" /><testcase classname="tests.test_iteration3.TestIntents" name="test_create_patch_delete_intent" time="0.253" /><testcase classname="tests.test_iteration3.TestWorkflows" name="test_list_2_workflows_with_steps" time="0.093" /><testcase classname="tests.test_iteration3.TestWorkflows" name="test_create_patch_delete_workflow" time="0.228" /><testcase classname="tests.test_iteration3.TestBotChat" name="test_guest_service_refuses_booking" time="0.956" /><testcase classname="tests.test_iteration3.TestBotChat" name="test_guest_service_creates_laundry_service_request" time="1.186" /><testcase classname="tests.test_iteration3.TestBotChat" name="test_permission_gating_blocks_disallowed_tool" time="2.619" /><testcase classname="tests.test_iteration3.TestBotChat" name="test_knowledge_filtering" time="1.719"><failure message="AssertionError: Bot leaked KB outside scope: waktu check-in di pelangi homestay adalah pukul 14:00. check-out pukul 12:00.&#10;assert (False or not True)">backend/tests/test_iteration3.py:369: in test_knowledge_filtering
    assert refuses or not has_specific, f"Bot leaked KB outside scope: {reply}"
E   AssertionError: Bot leaked KB outside scope: waktu check-in di pelangi homestay adalah pukul 14:00. check-out pukul 12:00.
E   assert (False or not True)</failure></testcase></testsuite></testsuites>