<?xml version="1.0" encoding="utf-8"?><testsuites name="pytest tests"><testsuite name="pytest" errors="0" failures="2" skipped="0" tests="23" time="6.467" timestamp="2026-07-16T04:41:01.827126+00:00" hostname="agent-env-db5ad720-f20b-4347-ac34-18bf98eb5741"><testcase classname="tests.backend_test.TestAuth" name="test_login_admin" time="0.589" /><testcase classname="tests.backend_test.TestChat" name="test_chat_info_question" time="1.635" /><testcase classname="tests.backend_test.TestAuth" name="test_login_super_admin" time="0.329" /><testcase classname="tests.backend_test.TestAuth" name="test_login_wrong_password" time="0.319" /><testcase classname="tests.backend_test.TestAuth" name="test_me_endpoint" time="0.409" /><testcase classname="tests.backend_test.TestChat" name="test_chat_menu_question" time="1.210" /><testcase classname="tests.backend_test.TestKnowledgeBase" name="test_categories" time="0.102" /><testcase classname="tests.backend_test.TestKnowledgeBase" name="test_list_seeded" time="0.139" /><testcase classname="tests.backend_test.TestKnowledgeBase" name="test_crud_flow" time="0.290" /><testcase classname="tests.backend_test.TestRooms" name="test_list_seeded_rooms" time="0.094" /><testcase classname="tests.backend_test.TestRooms" name="test_crud_room" time="0.300" /><testcase classname="tests.backend_test.TestPromptManagement" name="test_active_prompt" time="0.097" /><testcase classname="tests.backend_test.TestPromptManagement" name="test_create_new_version_and_switch" time="0.202"><failure message="assert 3 == (1 + 1)">backend/tests/backend_test.py:224: in test_create_new_version_and_switch
    assert new_v["version"] == cur_version + 1
E   assert 3 == (1 + 1)</failure></testcase><testcase classname="tests.backend_test.TestChat" name="test_chat_guardrail_revenue" time="1.138" /><testcase classname="tests.backend_test" name="test_root_health" time="0.095" /><testcase classname="tests.backend_test.TestMenu" name="test_menu_list_and_soldout" time="0.089" /><testcase classname="tests.backend_test.TestBookings" name="test_create_and_update_booking" time="0.317" /><testcase classname="tests.backend_test.TestServiceRequests" name="test_create_and_update_sr" time="0.187" /><testcase classname="tests.backend_test.TestSettings" name="test_get_and_update_settings" time="0.306" /><testcase classname="tests.backend_test.TestAnalytics" name="test_analytics_summary" time="0.137" /><testcase classname="tests.backend_test.TestChat" name="test_chat_booking_via_tool" time="1.856"><failure message="AssertionError: expected create_booking got check_availability reply=Siap Kak Andi, saya bantu booking Deluxe Room untuk 25–26 Agustus 2026, untuk 2 tamu ya.&#10;  &#10;  Siap Kak Andi, Deluxe Room tersedia untuk tanggal 25–26 Agustus 2026. Kalau Kak Andi setuju, saya lanjutkan proses booking ya.&#10;assert 'check_availability' == 'create_booking'&#10;  &#10;  - create_booking&#10;  + check_availability">backend/tests/backend_test.py:303: in test_chat_booking_via_tool
    assert d["tool_used"] == "create_booking", f"expected create_booking got {d['tool_used']} reply={d['reply']}"
E   AssertionError: expected create_booking got check_availability reply=Siap Kak Andi, saya bantu booking Deluxe Room untuk 25–26 Agustus 2026, untuk 2 tamu ya.
E     
E     Siap Kak Andi, Deluxe Room tersedia untuk tanggal 25–26 Agustus 2026. Kalau Kak Andi setuju, saya lanjutkan proses booking ya.
E   assert 'check_availability' == 'create_booking'
E     
E     - create_booking
E     + check_availability</failure></testcase><testcase classname="tests.backend_test.TestConversations" name="test_conversations_list_and_handover" time="1.203" /><testcase classname="tests.backend_test.TestAvailability" name="test_availability_no_stock_by_default" time="0.095" /></testsuite></testsuites>