<?xml version="1.0" encoding="utf-8"?><testsuites name="pytest tests"><testsuite name="pytest" errors="0" failures="0" skipped="0" tests="12" time="8.057" timestamp="2026-07-16T04:40:47.935386+00:00" hostname="agent-env-db5ad720-f20b-4347-ac34-18bf98eb5741"><testcase classname="tests.test_iteration2.TestUploadsImage" name="test_upload_png_returns_cloudinary_url" time="1.754" /><testcase classname="tests.test_iteration2.TestRag" name="test_upload_creates_chunks" time="1.755" /><testcase classname="tests.test_iteration2.TestRag" name="test_list_includes_doc" time="0.105" /><testcase classname="tests.test_iteration2.TestUploadsImage" name="test_upload_rejects_bad_extension" time="0.117" /><testcase classname="tests.test_iteration2.TestRag" name="test_search_finds_pet_query" time="0.099" /><testcase classname="tests.test_iteration2.TestUploadsImage" name="test_upload_requires_auth" time="0.097" /><testcase classname="tests.test_iteration2.TestRag" name="test_search_zero_overlap_returns_empty" time="0.101" /><testcase classname="tests.test_iteration2.TestRag" name="test_reject_unsupported_type" time="1.042" /><testcase classname="tests.test_iteration2.TestChatRagAndPhoto" name="test_rag_augmented_reply_mentions_figures" time="2.714" /><testcase classname="tests.test_iteration2.TestKBImages" name="test_kb_create_with_images" time="1.050" /><testcase classname="tests.test_iteration2.TestChatRagAndPhoto" name="test_photo_delivery_from_room_images" time="2.013" /><testcase classname="tests.test_iteration2.TestRoomsImages" name="test_attach_image_to_deluxe" time="0.828" /></testsuite></testsuites>