<?xml version="1.0" encoding="utf-8"?><testsuites name="pytest tests"><testsuite name="pytest" errors="0" failures="0" skipped="0" tests="23" time="7.271" timestamp="2026-07-16T03:22:56.007352+00:00" hostname="agent-env-db5ad720-f20b-4347-ac34-18bf98eb5741"><testcase classname="tests.backend_test.TestAuth" name="test_login_admin" time="0.670" /><testcase classname="tests.backend_test.TestChat" name="test_chat_info_question" time="1.784" /><testcase classname="tests.backend_test.TestAuth" name="test_login_super_admin" time="0.379" /><testcase classname="tests.backend_test.TestAuth" name="test_login_wrong_password" time="0.323" /><testcase classname="tests.backend_test.TestAuth" name="test_me_endpoint" time="0.453" /><testcase classname="tests.backend_test.TestChat" name="test_chat_menu_question" time="0.938" /><testcase classname="tests.backend_test.TestKnowledgeBase" name="test_categories" time="0.146" /><testcase classname="tests.backend_test.TestKnowledgeBase" name="test_list_seeded" time="0.096" /><testcase classname="tests.backend_test.TestKnowledgeBase" name="test_crud_flow" time="0.351" /><testcase classname="tests.backend_test.TestRooms" name="test_list_seeded_rooms" time="0.095" /><testcase classname="tests.backend_test.TestRooms" name="test_crud_room" time="0.302" /><testcase classname="tests.backend_test.TestChat" name="test_chat_guardrail_revenue" time="0.989" /><testcase classname="tests.backend_test.TestPromptManagement" name="test_active_prompt" time="0.098" /><testcase classname="tests.backend_test.TestPromptManagement" name="test_create_new_version_and_switch" time="0.396" /><testcase classname="tests.backend_test.TestMenu" name="test_menu_list_and_soldout" time="0.116" /><testcase classname="tests.backend_test.TestAvailability" name="test_availability_no_stock_by_default" time="0.101" /><testcase classname="tests.backend_test.TestBookings" name="test_create_and_update_booking" time="0.312" /><testcase classname="tests.backend_test.TestChat" name="test_chat_booking_via_tool" time="2.812" /><testcase classname="tests.backend_test.TestServiceRequests" name="test_create_and_update_sr" time="0.205" /><testcase classname="tests.backend_test.TestSettings" name="test_get_and_update_settings" time="0.313" /><testcase classname="tests.backend_test.TestConversations" name="test_conversations_list_and_handover" time="1.152" /><testcase classname="tests.backend_test" name="test_root_health" time="0.098" /><testcase classname="tests.backend_test.TestAnalytics" name="test_analytics_summary" time="0.102" /></testsuite></testsuites>